# JRE version: Java(TM) SE Runtime Environment (8.0_261-b12) (build 1.8.0_261-b12)
# Java VM: Java HotSpot(TM) 64-Bit Server VM (25.261-b12 mixed mode windows-amd64 compressed oops)
Heap:
 PSYoungGen      total 122368K, used 63016K [0x00000000f5580000, 0x0000000100000000, 0x0000000100000000)
  eden space 70144K, 75% used [0x00000000f5580000,0x00000000f8929548,0x00000000f9a00000)
  from space 52224K, 19% used [0x00000000f9a00000,0x00000000fa3e0d70,0x00000000fcd00000)
  to   space 50176K, 0% used [0x00000000fcf00000,0x00000000fcf00000,0x0000000100000000)
 ParOldGen       total 321024K, used 224521K [0x00000000e0000000, 0x00000000f3980000, 0x00000000f5580000)
  object space 321024K, 69% used [0x00000000e0000000,0x00000000edb42570,0x00000000f3980000)
 Metaspace       used 112743K, capacity 120932K, committed 121344K, reserved 1155072K
  class space    used 14733K, capacity 16528K, committed 16640K, reserved 1048576K
GC Heap History (10 events):
Event: 7304.819 GC heap before
{Heap before GC invocations=54 (full 4):
 PSYoungGen      total 139264K, used 139047K [0x00000000f5580000, 0x00000000ffd00000, 0x0000000100000000)
  eden space 132608K, 100% used [0x00000000f5580000,0x00000000fd700000,0x00000000fd700000)
  from space 6656K, 96% used [0x00000000fd700000,0x00000000fdd49f38,0x00000000fdd80000)
  to   space 19456K, 0% used [0x00000000fea00000,0x00000000fea00000,0x00000000ffd00000)
 ParOldGen       total 304128K, used 243404K [0x00000000e0000000, 0x00000000f2900000, 0x00000000f5580000)
  object space 304128K, 80% used [0x00000000e0000000,0x00000000eedb3298,0x00000000f2900000)
 Metaspace       used 112290K, capacity 120494K, committed 120576K, reserved 1153024K
  class space    used 14737K, capacity 16567K, committed 16640K, reserved 1048576K
Event: 7304.829 GC heap after
Heap after GC invocations=54 (full 4):
 PSYoungGen      total 152576K, used 4424K [0x00000000f5580000, 0x0000000100000000, 0x0000000100000000)
  eden space 133120K, 0% used [0x00000000f5580000,0x00000000f5580000,0x00000000fd780000)
  from space 19456K, 22% used [0x00000000fea00000,0x00000000fee520e8,0x00000000ffd00000)
  to   space 18944K, 0% used [0x00000000fd780000,0x00000000fd780000,0x00000000fea00000)
 ParOldGen       total 304128K, used 244045K [0x00000000e0000000, 0x00000000f2900000, 0x00000000f5580000)
  object space 304128K, 80% used [0x00000000e0000000,0x00000000eee53530,0x00000000f2900000)
 Metaspace       used 112290K, capacity 120494K, committed 120576K, reserved 1153024K
  class space    used 14737K, capacity 16567K, committed 16640K, reserved 1048576K
}
Event: 7305.872 GC heap before
{Heap before GC invocations=55 (full 4):
 PSYoungGen      total 152576K, used 137544K [0x00000000f5580000, 0x0000000100000000, 0x0000000100000000)
  eden space 133120K, 100% used [0x00000000f5580000,0x00000000fd780000,0x00000000fd780000)
  from space 19456K, 22% used [0x00000000fea00000,0x00000000fee520e8,0x00000000ffd00000)
  to   space 18944K, 0% used [0x00000000fd780000,0x00000000fd780000,0x00000000fea00000)
 ParOldGen       total 304128K, used 244045K [0x00000000e0000000, 0x00000000f2900000, 0x00000000f5580000)
  object space 304128K, 80% used [0x00000000e0000000,0x00000000eee53530,0x00000000f2900000)
 Metaspace       used 112705K, capacity 121024K, committed 121088K, reserved 1153024K
  class space    used 14777K, capacity 16582K, committed 16640K, reserved 1048576K
Event: 7305.980 GC heap after
Heap after GC invocations=55 (full 4):
 PSYoungGen      total 152064K, used 18921K [0x00000000f5580000, 0x0000000100000000, 0x0000000100000000)
  eden space 133120K, 0% used [0x00000000f5580000,0x00000000f5580000,0x00000000fd780000)
  from space 18944K, 99% used [0x00000000fd780000,0x00000000fe9fa600,0x00000000fea00000)
  to   space 22528K, 0% used [0x00000000fea00000,0x00000000fea00000,0x0000000100000000)
 ParOldGen       total 304128K, used 275120K [0x00000000e0000000, 0x00000000f2900000, 0x00000000f5580000)
  object space 304128K, 90% used [0x00000000e0000000,0x00000000f0cac0a8,0x00000000f2900000)
 Metaspace       used 112705K, capacity 121024K, committed 121088K, reserved 1153024K
  class space    used 14777K, capacity 16582K, committed 16640K, reserved 1048576K
}
Event: 7307.696 GC heap before
{Heap before GC invocations=56 (full 4):
 PSYoungGen      total 152064K, used 152041K [0x00000000f5580000, 0x0000000100000000, 0x0000000100000000)
  eden space 133120K, 100% used [0x00000000f5580000,0x00000000fd780000,0x00000000fd780000)
  from space 18944K, 99% used [0x00000000fd780000,0x00000000fe9fa600,0x00000000fea00000)
  to   space 22528K, 0% used [0x00000000fea00000,0x00000000fea00000,0x0000000100000000)
 ParOldGen       total 304128K, used 275120K [0x00000000e0000000, 0x00000000f2900000, 0x00000000f5580000)
  object space 304128K, 90% used [0x00000000e0000000,0x00000000f0cac0a8,0x00000000f2900000)
 Metaspace       used 112835K, capacity 121222K, committed 121344K, reserved 1155072K
  class space    used 14785K, capacity 16619K, committed 16640K, reserved 1048576K
Event: 7307.821 GC heap after
Heap after GC invocations=56 (full 4):
 PSYoungGen      total 92672K, used 22523K [0x00000000f5580000, 0x0000000100000000, 0x0000000100000000)
  eden space 70144K, 0% used [0x00000000f5580000,0x00000000f5580000,0x00000000f9a00000)
  from space 22528K, 99% used [0x00000000fea00000,0x00000000ffffef68,0x0000000100000000)
  to   space 52224K, 0% used [0x00000000f9a00000,0x00000000f9a00000,0x00000000fcd00000)
 ParOldGen       total 321024K, used 320214K [0x00000000e0000000, 0x00000000f3980000, 0x00000000f5580000)
  object space 321024K, 99% used [0x00000000e0000000,0x00000000f38b59a8,0x00000000f3980000)
 Metaspace       used 112835K, capacity 121222K, committed 121344K, reserved 1155072K
  class space    used 14785K, capacity 16619K, committed 16640K, reserved 1048576K
}
Event: 7307.822 GC heap before
{Heap before GC invocations=57 (full 5):
 PSYoungGen      total 92672K, used 22523K [0x00000000f5580000, 0x0000000100000000, 0x0000000100000000)
  eden space 70144K, 0% used [0x00000000f5580000,0x00000000f5580000,0x00000000f9a00000)
  from space 22528K, 99% used [0x00000000fea00000,0x00000000ffffef68,0x0000000100000000)
  to   space 52224K, 0% used [0x00000000f9a00000,0x00000000f9a00000,0x00000000fcd00000)
 ParOldGen       total 321024K, used 320214K [0x00000000e0000000, 0x00000000f3980000, 0x00000000f5580000)
  object space 321024K, 99% used [0x00000000e0000000,0x00000000f38b59a8,0x00000000f3980000)
 Metaspace       used 112835K, capacity 121222K, committed 121344K, reserved 1155072K
  class space    used 14785K, capacity 16619K, committed 16640K, reserved 1048576K
Event: 7310.921 GC heap after
Heap after GC invocations=57 (full 5):
 PSYoungGen      total 92672K, used 0K [0x00000000f5580000, 0x0000000100000000, 0x0000000100000000)
  eden space 70144K, 0% used [0x00000000f5580000,0x00000000f5580000,0x00000000f9a00000)
  from space 22528K, 0% used [0x00000000fea00000,0x00000000fea00000,0x0000000100000000)
  to   space 52224K, 0% used [0x00000000f9a00000,0x00000000f9a00000,0x00000000fcd00000)
 ParOldGen       total 321024K, used 224513K [0x00000000e0000000, 0x00000000f3980000, 0x00000000f5580000)
  object space 321024K, 69% used [0x00000000e0000000,0x00000000edb40570,0x00000000f3980000)
 Metaspace       used 112677K, capacity 120894K, committed 121344K, reserved 1155072K
  class space    used 14728K, capacity 16521K, committed 16640K, reserved 1048576K
}
Event: 7311.723 GC heap before
{Heap before GC invocations=58 (full 5):
 PSYoungGen      total 92672K, used 70144K [0x00000000f5580000, 0x0000000100000000, 0x0000000100000000)
  eden space 70144K, 100% used [0x00000000f5580000,0x00000000f9a00000,0x00000000f9a00000)
  from space 22528K, 0% used [0x00000000fea00000,0x00000000fea00000,0x0000000100000000)
  to   space 52224K, 0% used [0x00000000f9a00000,0x00000000f9a00000,0x00000000fcd00000)
 ParOldGen       total 321024K, used 224513K [0x00000000e0000000, 0x00000000f3980000, 0x00000000f5580000)
  object space 321024K, 69% used [0x00000000e0000000,0x00000000edb40570,0x00000000f3980000)
 Metaspace       used 112679K, capacity 120894K, committed 121344K, reserved 1155072K
  class space    used 14728K, capacity 16521K, committed 16640K, reserved 1048576K
Event: 7311.750 GC heap after
Heap after GC invocations=58 (full 5):
 PSYoungGen      total 122368K, used 10115K [0x00000000f5580000, 0x0000000100000000, 0x0000000100000000)
  eden space 70144K, 0% used [0x00000000f5580000,0x00000000f5580000,0x00000000f9a00000)
  from space 52224K, 19% used [0x00000000f9a00000,0x00000000fa3e0d70,0x00000000fcd00000)
  to   space 50176K, 0% used [0x00000000fcf00000,0x00000000fcf00000,0x0000000100000000)
 ParOldGen       total 321024K, used 224521K [0x00000000e0000000, 0x00000000f3980000, 0x00000000f5580000)
  object space 321024K, 69% used [0x00000000e0000000,0x00000000edb42570,0x00000000f3980000)
 Metaspace       used 112679K, capacity 120894K, committed 121344K, reserved 1155072K
  class space    used 14728K, capacity 16521K, committed 16640K, reserved 1048576K
}

